-------------------------------------------------------------------------------
Test set: com.bjpowernode.dataservice.MicrDataserviceApplicationTests
-------------------------------------------------------------------------------
Tests run: 1, Failures: 0, Errors: 1, Skipped: 0, Time elapsed: 12.308 s <<< FAILURE! - in com.bjpowernode.dataservice.MicrDataserviceApplicationTests
contextLoads  Time elapsed: 0.009 s  <<< ERROR!
java.lang.IllegalStateException: Failed to load ApplicationContext
Caused by: java.lang.IllegalStateException: zookeeper not connected
Caused by: java.lang.IllegalStateException: zookeeper not connected

