<?xml version="1.0" encoding="UTF-8"?>
<testsuite xmlns:xsi="http://www.w3.org/2001/XMLSchema-instance" xsi:noNamespaceSchemaLocation="https://maven.apache.org/surefire/maven-surefire-plugin/xsd/surefire-test-report.xsd" name="com.bjpowernode.dataservice.MicrDataserviceApplicationTests" time="12.308" tests="1" errors="1" skipped="0" failures="0">
  <properties>
[...]
</properties>
  <testcase name="contextLoads" classname="com.bjpowernode.dataservice.MicrDataserviceApplicationTests" time="0.009">
    <error message="Failed to load ApplicationContext" type="java.lang.IllegalStateException">java.lang.IllegalStateException: Failed to load ApplicationContext
Caused by: java.lang.IllegalStateException: zookeeper not connected
Caused by: java.lang.IllegalStateException: zookeeper not connected
</error>
    <system-out><![CDATA[09:05:25.353 [main] DEBUG org.springframework.test.context.BootstrapUtils - Instantiating CacheAwareContextLoaderDelegate from class [org.springframework.test.context.cache.DefaultCacheAwareContextLoaderDelegate]
09:05:25.364 [main] DEBUG org.springframework.test.context.BootstrapUtils - Instantiating BootstrapContext using constructor [public org.springframework.test.context.support.DefaultBootstrapContext(java.lang.Class,org.springframework.test.context.CacheAwareContextLoaderDelegate)]
09:05:25.399 [main] DEBUG org.springframework.test.context.BootstrapUtils - Instantiating TestContextBootstrapper for test class [com.bjpowernode.dataservice.MicrDataserviceApplicationTests] from class [org.springframework.boot.test.context.SpringBootTestContextBootstrapper]
09:05:25.412 [main] INFO org.springframework.boot.test.context.SpringBootTestContextBootstrapper - Neither @ContextConfiguration nor @ContextHierarchy found for test class [com.bjpowernode.dataservice.MicrDataserviceApplicationTests], using SpringBootContextLoader
09:05:25.417 [main] DEBUG org.springframework.test.context.support.AbstractContextLoader - Did not detect default resource location for test class [com.bjpowernode.dataservice.MicrDataserviceApplicationTests]: class path resource [com/bjpowernode/dataservice/MicrDataserviceApplicationTests-context.xml] does not exist
09:05:25.417 [main] DEBUG org.springframework.test.context.support.AbstractContextLoader - Did not detect default resource location for test class [com.bjpowernode.dataservice.MicrDataserviceApplicationTests]: class path resource [com/bjpowernode/dataservice/MicrDataserviceApplicationTestsContext.groovy] does not exist
09:05:25.417 [main] INFO org.springframework.test.context.support.AbstractContextLoader - Could not detect default resource locations for test class [com.bjpowernode.dataservice.MicrDataserviceApplicationTests]: no resource found for suffixes {-context.xml, Context.groovy}.
09:05:25.418 [main] INFO org.springframework.test.context.support.AnnotationConfigContextLoaderUtils - Could not detect default configuration classes for test class [com.bjpowernode.dataservice.MicrDataserviceApplicationTests]: MicrDataserviceApplicationTests does not declare any static, non-private, non-final, nested classes annotated with @Configuration.
09:05:25.468 [main] DEBUG org.springframework.test.context.support.ActiveProfilesUtils - Could not find an 'annotation declaring class' for annotation type [org.springframework.test.context.ActiveProfiles] and class [com.bjpowernode.dataservice.MicrDataserviceApplicationTests]
09:05:25.560 [main] DEBUG org.springframework.context.annotation.ClassPathScanningCandidateComponentProvider - Identified candidate component class: file [D:\1------Javacourse\06-p2p\workcode\micr-dataservice\target\classes\com\bjpowernode\MicrDataserviceApplication.class]
09:05:25.562 [main] INFO org.springframework.boot.test.context.SpringBootTestContextBootstrapper - Found @SpringBootConfiguration com.bjpowernode.MicrDataserviceApplication for test class com.bjpowernode.dataservice.MicrDataserviceApplicationTests
09:05:25.668 [main] DEBUG org.springframework.boot.test.context.SpringBootTestContextBootstrapper - @TestExecutionListeners is not present for class [com.bjpowernode.dataservice.MicrDataserviceApplicationTests]: using defaults.
09:05:25.669 [main] INFO org.springframework.boot.test.context.SpringBootTestContextBootstrapper - Loaded default TestExecutionListener class names from location [META-INF/spring.factories]: [org.springframework.boot.test.mock.mockito.MockitoTestExecutionListener, org.springframework.boot.test.mock.mockito.ResetMocksTestExecutionListener, org.springframework.boot.test.autoconfigure.restdocs.RestDocsTestExecutionListener, org.springframework.boot.test.autoconfigure.web.client.MockRestServiceServerResetTestExecutionListener, org.springframework.boot.test.autoconfigure.web.servlet.MockMvcPrintOnlyOnFailureTestExecutionListener, org.springframework.boot.test.autoconfigure.web.servlet.WebDriverTestExecutionListener, org.springframework.boot.test.autoconfigure.webservices.client.MockWebServiceServerTestExecutionListener, org.springframework.test.context.web.ServletTestExecutionListener, org.springframework.test.context.support.DirtiesContextBeforeModesTestExecutionListener, org.springframework.test.context.event.ApplicationEventsTestExecutionListener, org.springframework.test.context.support.DependencyInjectionTestExecutionListener, org.springframework.test.context.support.DirtiesContextTestExecutionListener, org.springframework.test.context.transaction.TransactionalTestExecutionListener, org.springframework.test.context.jdbc.SqlScriptsTestExecutionListener, org.springframework.test.context.event.EventPublishingTestExecutionListener]
09:05:25.677 [main] DEBUG org.springframework.boot.test.context.SpringBootTestContextBootstrapper - Skipping candidate TestExecutionListener [org.springframework.test.context.web.ServletTestExecutionListener] due to a missing dependency. Specify custom listener classes or make the default listener classes and their required dependencies available. Offending class: [javax/servlet/ServletContext]
09:05:25.684 [main] INFO org.springframework.boot.test.context.SpringBootTestContextBootstrapper - Using TestExecutionListeners: [org.springframework.test.context.support.DirtiesContextBeforeModesTestExecutionListener@8462f31, org.springframework.test.context.event.ApplicationEventsTestExecutionListener@24569dba, org.springframework.boot.test.mock.mockito.MockitoTestExecutionListener@5ddeb7cb, org.springframework.boot.test.autoconfigure.SpringBootDependencyInjectionTestExecutionListener@70ed52de, org.springframework.test.context.support.DirtiesContextTestExecutionListener@496bc455, org.springframework.test.context.transaction.TransactionalTestExecutionListener@59402b8f, org.springframework.test.context.jdbc.SqlScriptsTestExecutionListener@7188af83, org.springframework.test.context.event.EventPublishingTestExecutionListener@6be968ce, org.springframework.boot.test.mock.mockito.ResetMocksTestExecutionListener@7c37508a, org.springframework.boot.test.autoconfigure.restdocs.RestDocsTestExecutionListener@247310d0, org.springframework.boot.test.autoconfigure.web.client.MockRestServiceServerResetTestExecutionListener@1033576a, org.springframework.boot.test.autoconfigure.web.servlet.MockMvcPrintOnlyOnFailureTestExecutionListener@303cf2ba, org.springframework.boot.test.autoconfigure.web.servlet.WebDriverTestExecutionListener@76494737, org.springframework.boot.test.autoconfigure.webservices.client.MockWebServiceServerTestExecutionListener@4a003cbe]
09:05:25.687 [main] DEBUG org.springframework.test.context.support.AbstractDirtiesContextTestExecutionListener - Before test class: context [DefaultTestContext@6f10d5b6 testClass = MicrDataserviceApplicationTests, testInstance = [null], testMethod = [null], testException = [null], mergedContextConfiguration = [MergedContextConfiguration@1040be71 testClass = MicrDataserviceApplicationTests, locations = '{}', classes = '{class com.bjpowernode.MicrDataserviceApplication}', contextInitializerClasses = '[]', activeProfiles = '{}', propertySourceLocations = '{}', propertySourceProperties = '{org.springframework.boot.test.context.SpringBootTestContextBootstrapper=true}', contextCustomizers = set[org.springframework.boot.test.context.filter.ExcludeFilterContextCustomizer@694abbdc, org.springframework.boot.test.json.DuplicateJsonObjectContextCustomizerFactory$DuplicateJsonObjectContextCustomizer@5ffead27, org.springframework.boot.test.mock.mockito.MockitoContextCustomizer@0, org.springframework.boot.test.web.client.TestRestTemplateContextCustomizer@515aebb0, org.springframework.boot.test.autoconfigure.actuate.metrics.MetricsExportContextCustomizerFactory$DisableMetricExportContextCustomizer@16293aa2, org.springframework.boot.test.autoconfigure.properties.PropertyMappingContextCustomizer@0, org.springframework.boot.test.autoconfigure.web.servlet.WebDriverContextCustomizerFactory$Customizer@7f0eb4b4, org.springframework.boot.test.context.SpringBootTestArgs@1, org.springframework.boot.test.context.SpringBootTestWebEnvironment@27efef64], contextLoader = 'org.springframework.boot.test.context.SpringBootContextLoader', parent = [null]], attributes = map[[empty]]], class annotated with @DirtiesContext [false] with mode [null].
09:05:25.699 [main] DEBUG org.springframework.test.context.support.DependencyInjectionTestExecutionListener - Performing dependency injection for test context [[DefaultTestContext@6f10d5b6 testClass = MicrDataserviceApplicationTests, testInstance = com.bjpowernode.dataservice.MicrDataserviceApplicationTests@431cd9b2, testMethod = [null], testException = [null], mergedContextConfiguration = [MergedContextConfiguration@1040be71 testClass = MicrDataserviceApplicationTests, locations = '{}', classes = '{class com.bjpowernode.MicrDataserviceApplication}', contextInitializerClasses = '[]', activeProfiles = '{}', propertySourceLocations = '{}', propertySourceProperties = '{org.springframework.boot.test.context.SpringBootTestContextBootstrapper=true}', contextCustomizers = set[org.springframework.boot.test.context.filter.ExcludeFilterContextCustomizer@694abbdc, org.springframework.boot.test.json.DuplicateJsonObjectContextCustomizerFactory$DuplicateJsonObjectContextCustomizer@5ffead27, org.springframework.boot.test.mock.mockito.MockitoContextCustomizer@0, org.springframework.boot.test.web.client.TestRestTemplateContextCustomizer@515aebb0, org.springframework.boot.test.autoconfigure.actuate.metrics.MetricsExportContextCustomizerFactory$DisableMetricExportContextCustomizer@16293aa2, org.springframework.boot.test.autoconfigure.properties.PropertyMappingContextCustomizer@0, org.springframework.boot.test.autoconfigure.web.servlet.WebDriverContextCustomizerFactory$Customizer@7f0eb4b4, org.springframework.boot.test.context.SpringBootTestArgs@1, org.springframework.boot.test.context.SpringBootTestWebEnvironment@27efef64], contextLoader = 'org.springframework.boot.test.context.SpringBootContextLoader', parent = [null]], attributes = map['org.springframework.test.context.event.ApplicationEventsTestExecutionListener.recordApplicationEvents' -> false]]].
09:05:25.734 [main] DEBUG org.springframework.test.context.support.TestPropertySourceUtils - Adding inlined properties to environment: {spring.jmx.enabled=false, org.springframework.boot.test.context.SpringBootTestContextBootstrapper=true}
2021-06-03 09:05:26,119 [INFO ] o.a.d.s.boot.context.event.WelcomeLogoApplicationListener 

 :: Dubbo Spring Boot (v2.7.8) : https://github.com/apache/dubbo-spring-boot-project
 :: Dubbo (v2.7.8) : https://github.com/apache/dubbo
 :: Discuss group : dev@dubbo.apache.org

2021-06-03 09:05:26,122 [INFO ] o.a.d.s.b.c.event.OverrideDubboConfigApplicationListener Dubbo Config was overridden by externalized configuration {dubbo.application.name=micr-dataservice, dubbo.application.qos-enable=false, dubbo.config.multiple=true, dubbo.protocol.name=dubbo, dubbo.provider.timeout=5000, dubbo.registry.address=zookeeper://localhost:2181, dubbo.scan.base-packages=com.bjpowernode.licai.service}

  .   ____          _            __ _ _
 /\\ / ___'_ __ _ _(_)_ __  __ _ \ \ \ \
( ( )\___ | '_ | '_| | '_ \/ _` | \ \ \ \
 \\/  ___)| |_)| | | | | || (_| |  ) ) ) )
  '  |____| .__|_| |_|_| |_\__, | / / / /
 =========|_|==============|___/=/_/_/_/
 :: Spring Boot ::                (v2.4.5)

2021-06-03 09:05:26,249 [INFO ] com.bjpowernode.dataservice.MicrDataserviceApplicationTests Starting MicrDataserviceApplicationTests using Java 1.8.0_101 on DESKTOP-FHF20CP with PID 19568 (started by 86188 in D:\1------Javacourse\06-p2p\workcode\micr-dataservice)
2021-06-03 09:05:26,250 [INFO ] com.bjpowernode.dataservice.MicrDataserviceApplicationTests No active profile set, falling back to default profiles: default
2021-06-03 09:05:26,651 [INFO ] com.alibaba.spring.util.BeanRegistrar The Infrastructure bean definition [Root bean: class [org.apache.dubbo.config.spring.beans.factory.annotation.ReferenceAnnotationBeanPostProcessor]; scope=; abstract=false; lazyInit=null; autowireMode=0; dependencyCheck=0; autowireCandidate=true; primary=false; factoryBeanName=null; factoryMethodName=null; initMethodName=null; destroyMethodName=nullwith name [referenceAnnotationBeanPostProcessor] has been registered.
2021-06-03 09:05:26,652 [INFO ] com.alibaba.spring.util.BeanRegistrar The Infrastructure bean definition [Root bean: class [org.apache.dubbo.config.spring.beans.factory.annotation.DubboConfigAliasPostProcessor]; scope=; abstract=false; lazyInit=null; autowireMode=0; dependencyCheck=0; autowireCandidate=true; primary=false; factoryBeanName=null; factoryMethodName=null; initMethodName=null; destroyMethodName=nullwith name [dubboConfigAliasPostProcessor] has been registered.
2021-06-03 09:05:26,653 [INFO ] com.alibaba.spring.util.BeanRegistrar The Infrastructure bean definition [Root bean: class [org.apache.dubbo.config.spring.context.DubboLifecycleComponentApplicationListener]; scope=; abstract=false; lazyInit=null; autowireMode=0; dependencyCheck=0; autowireCandidate=true; primary=false; factoryBeanName=null; factoryMethodName=null; initMethodName=null; destroyMethodName=nullwith name [dubboLifecycleComponentApplicationListener] has been registered.
2021-06-03 09:05:26,654 [INFO ] com.alibaba.spring.util.BeanRegistrar The Infrastructure bean definition [Root bean: class [org.apache.dubbo.config.spring.context.DubboBootstrapApplicationListener]; scope=; abstract=false; lazyInit=null; autowireMode=0; dependencyCheck=0; autowireCandidate=true; primary=false; factoryBeanName=null; factoryMethodName=null; initMethodName=null; destroyMethodName=nullwith name [dubboBootstrapApplicationListener] has been registered.
2021-06-03 09:05:26,655 [INFO ] com.alibaba.spring.util.BeanRegistrar The Infrastructure bean definition [Root bean: class [org.apache.dubbo.config.spring.beans.factory.config.DubboConfigDefaultPropertyValueBeanPostProcessor]; scope=; abstract=false; lazyInit=null; autowireMode=0; dependencyCheck=0; autowireCandidate=true; primary=false; factoryBeanName=null; factoryMethodName=null; initMethodName=null; destroyMethodName=nullwith name [dubboConfigDefaultPropertyValueBeanPostProcessor] has been registered.
2021-06-03 09:05:26,761 [INFO ] o.s.data.repository.config.RepositoryConfigurationDelegate Multiple Spring Data modules found, entering strict repository configuration mode!
2021-06-03 09:05:26,764 [INFO ] o.s.data.repository.config.RepositoryConfigurationDelegate Bootstrapping Spring Data Redis repositories in DEFAULT mode.
2021-06-03 09:05:26,804 [INFO ] o.s.data.repository.config.RepositoryConfigurationDelegate Finished Spring Data repository scanning in 23 ms. Found 0 Redis repository interfaces.
2021-06-03 09:05:26,894 [INFO ] c.a.s.b.factory.annotation.ConfigurationBeanBindingRegistrar The configuration bean definition [name : org.apache.dubbo.config.ApplicationConfig#0, content : Root bean: class [org.apache.dubbo.config.ApplicationConfig]; scope=; abstract=false; lazyInit=null; autowireMode=0; dependencyCheck=0; autowireCandidate=true; primary=false; factoryBeanName=null; factoryMethodName=null; initMethodName=null; destroyMethodName=null] has been registered.
2021-06-03 09:05:26,894 [INFO ] com.alibaba.spring.util.BeanRegistrar The Infrastructure bean definition [Root bean: class [com.alibaba.spring.beans.factory.annotation.ConfigurationBeanBindingPostProcessor]; scope=; abstract=false; lazyInit=null; autowireMode=0; dependencyCheck=0; autowireCandidate=true; primary=false; factoryBeanName=null; factoryMethodName=null; initMethodName=null; destroyMethodName=nullwith name [configurationBeanBindingPostProcessor] has been registered.
2021-06-03 09:05:26,895 [INFO ] c.a.s.b.factory.annotation.ConfigurationBeanBindingRegistrar The configuration bean definition [name : org.apache.dubbo.config.RegistryConfig#0, content : Root bean: class [org.apache.dubbo.config.RegistryConfig]; scope=; abstract=false; lazyInit=null; autowireMode=0; dependencyCheck=0; autowireCandidate=true; primary=false; factoryBeanName=null; factoryMethodName=null; initMethodName=null; destroyMethodName=null] has been registered.
2021-06-03 09:05:26,895 [INFO ] c.a.s.b.factory.annotation.ConfigurationBeanBindingRegistrar The configuration bean definition [name : org.apache.dubbo.config.ProtocolConfig#0, content : Root bean: class [org.apache.dubbo.config.ProtocolConfig]; scope=; abstract=false; lazyInit=null; autowireMode=0; dependencyCheck=0; autowireCandidate=true; primary=false; factoryBeanName=null; factoryMethodName=null; initMethodName=null; destroyMethodName=null] has been registered.
2021-06-03 09:05:26,895 [INFO ] c.a.s.b.factory.annotation.ConfigurationBeanBindingRegistrar The configuration bean definition [name : org.apache.dubbo.config.ProviderConfig#0, content : Root bean: class [org.apache.dubbo.config.ProviderConfig]; scope=; abstract=false; lazyInit=null; autowireMode=0; dependencyCheck=0; autowireCandidate=true; primary=false; factoryBeanName=null; factoryMethodName=null; initMethodName=null; destroyMethodName=null] has been registered.
2021-06-03 09:05:28,262 [INFO ] com.alibaba.spring.util.BeanRegistrar The Infrastructure bean definition [Root bean: class [org.apache.dubbo.config.spring.context.DubboBootstrapApplicationListener]; scope=; abstract=false; lazyInit=null; autowireMode=0; dependencyCheck=0; autowireCandidate=true; primary=false; factoryBeanName=null; factoryMethodName=null; initMethodName=null; destroyMethodName=nullwith name [dubboBootstrapApplicationListener] has been registered.
2021-06-03 09:05:28,284 [INFO ] o.s.context.annotation.ConfigurationClassPostProcessor Cannot enhance @Configuration bean definition 'org.apache.dubbo.spring.boot.autoconfigure.DubboRelaxedBinding2AutoConfiguration' since its singleton instance has been created too early. The typical cause is a non-static @Bean method with a BeanDefinitionRegistryPostProcessor return type: Consider declaring such methods as 'static'.
2021-06-03 09:05:28,284 [INFO ] o.s.context.annotation.ConfigurationClassPostProcessor Cannot enhance @Configuration bean definition 'org.apache.dubbo.spring.boot.autoconfigure.DubboAutoConfiguration' since its singleton instance has been created too early. The typical cause is a non-static @Bean method with a BeanDefinitionRegistryPostProcessor return type: Consider declaring such methods as 'static'.
Logging initialized using 'class org.apache.ibatis.logging.stdout.StdOutImpl' adapter.
Parsed mapper file: 'file [D:\1------Javacourse\06-p2p\workcode\micr-dataservice\target\classes\mappers\BidInfoMapper.xml]'
Parsed mapper file: 'file [D:\1------Javacourse\06-p2p\workcode\micr-dataservice\target\classes\mappers\FinanceAccountMapper.xml]'
Parsed mapper file: 'file [D:\1------Javacourse\06-p2p\workcode\micr-dataservice\target\classes\mappers\IncomeRecordMapper.xml]'
Parsed mapper file: 'file [D:\1------Javacourse\06-p2p\workcode\micr-dataservice\target\classes\mappers\LoanInfoMapper.xml]'
Parsed mapper file: 'file [D:\1------Javacourse\06-p2p\workcode\micr-dataservice\target\classes\mappers\RechargeRecordMapper.xml]'
Parsed mapper file: 'file [D:\1------Javacourse\06-p2p\workcode\micr-dataservice\target\classes\mappers\UserMapper.xml]'
2021-06-03 09:05:30,047 [INFO ] c.a.s.b.f.annotation.ConfigurationBeanBindingPostProcessor The configuration bean [<dubbo:application name="micr-dataservice" hostname="DESKTOP-FHF20CP" qosEnable="false" />] have been binding by the configuration properties [{name=micr-dataservice, qos-enable=false}]
2021-06-03 09:05:30,061 [INFO ] c.a.s.b.f.annotation.ConfigurationBeanBindingPostProcessor The configuration bean [<dubbo:registry address="zookeeper://localhost:2181" protocol="zookeeper" port="2181" />] have been binding by the configuration properties [{address=zookeeper://localhost:2181}]
2021-06-03 09:05:30,070 [INFO ] c.a.s.b.f.annotation.ConfigurationBeanBindingPostProcessor The configuration bean [<dubbo:protocol name="dubbo" />] have been binding by the configuration properties [{name=dubbo}]
2021-06-03 09:05:30,096 [INFO ] c.a.s.b.f.annotation.ConfigurationBeanBindingPostProcessor The configuration bean [<dubbo:provider />] have been binding by the configuration properties [{timeout=5000}]
2021-06-03 09:05:30,670 [INFO ] org.apache.curator.utils.Compatibility Running in ZooKeeper 3.4.x compatibility mode
2021-06-03 09:05:30,711 [INFO ] org.apache.curator.framework.imps.CuratorFrameworkImpl Starting
2021-06-03 09:05:30,728 [INFO ] org.apache.zookeeper.ZooKeeper Client environment:zookeeper.version=3.4.13-2d71af4dbe22557fda74f9a9b4309b15a7487f03, built on 06/29/2018 00:39 GMT
2021-06-03 09:05:30,728 [INFO ] org.apache.zookeeper.ZooKeeper Client environment:host.name=DESKTOP-FHF20CP
2021-06-03 09:05:30,728 [INFO ] org.apache.zookeeper.ZooKeeper Client environment:java.version=1.8.0_101
2021-06-03 09:05:30,728 [INFO ] org.apache.zookeeper.ZooKeeper Client environment:java.vendor=Oracle Corporation
2021-06-03 09:05:30,729 [INFO ] org.apache.zookeeper.ZooKeeper Client environment:java.home=C:\Program Files\Java\jdk1.8.0_101\jre
2021-06-03 09:05:30,729 [INFO ] org.apache.zookeeper.ZooKeeper Client environment:java.class.path=D:\1------Javacourse\06-p2p\workcode\micr-dataservice\target\test-classes;D:\1------Javacourse\06-p2p\workcode\micr-dataservice\target\classes;D:\mavenrepository1\repository\org\springframework\boot\spring-boot-starter-data-redis\2.4.5\spring-boot-starter-data-redis-2.4.5.jar;D:\mavenrepository1\repository\org\springframework\data\spring-data-redis\2.4.8\spring-data-redis-2.4.8.jar;D:\mavenrepository1\repository\org\springframework\data\spring-data-keyvalue\2.4.8\spring-data-keyvalue-2.4.8.jar;D:\mavenrepository1\repository\org\springframework\data\spring-data-commons\2.4.8\spring-data-commons-2.4.8.jar;D:\mavenrepository1\repository\org\springframework\spring-tx\5.3.6\spring-tx-5.3.6.jar;D:\mavenrepository1\repository\org\springframework\spring-beans\5.3.6\spring-beans-5.3.6.jar;D:\mavenrepository1\repository\org\springframework\spring-oxm\5.3.6\spring-oxm-5.3.6.jar;D:\mavenrepository1\repository\org\springframework\spring-aop\5.3.6\spring-aop-5.3.6.jar;D:\mavenrepository1\repository\org\springframework\spring-context-support\5.3.6\spring-context-support-5.3.6.jar;D:\mavenrepository1\repository\org\slf4j\slf4j-api\1.7.30\slf4j-api-1.7.30.jar;D:\mavenrepository1\repository\io\lettuce\lettuce-core\6.0.4.RELEASE\lettuce-core-6.0.4.RELEASE.jar;D:\mavenrepository1\repository\io\netty\netty-common\4.1.63.Final\netty-common-4.1.63.Final.jar;D:\mavenrepository1\repository\io\netty\netty-handler\4.1.63.Final\netty-handler-4.1.63.Final.jar;D:\mavenrepository1\repository\io\netty\netty-resolver\4.1.63.Final\netty-resolver-4.1.63.Final.jar;D:\mavenrepository1\repository\io\netty\netty-buffer\4.1.63.Final\netty-buffer-4.1.63.Final.jar;D:\mavenrepository1\repository\io\netty\netty-codec\4.1.63.Final\netty-codec-4.1.63.Final.jar;D:\mavenrepository1\repository\io\netty\netty-transport\4.1.63.Final\netty-transport-4.1.63.Final.jar;D:\mavenrepository1\repository\io\projectreactor\reactor-core\3.4.5\reactor-core-3.4.5.jar;D:\mavenrepository1\repository\org\reactivestreams\reactive-streams\1.0.3\reactive-streams-1.0.3.jar;D:\mavenrepository1\repository\org\springframework\boot\spring-boot-starter\2.4.5\spring-boot-starter-2.4.5.jar;D:\mavenrepository1\repository\org\springframework\boot\spring-boot\2.4.5\spring-boot-2.4.5.jar;D:\mavenrepository1\repository\org\springframework\spring-context\5.3.6\spring-context-5.3.6.jar;D:\mavenrepository1\repository\org\springframework\spring-expression\5.3.6\spring-expression-5.3.6.jar;D:\mavenrepository1\repository\org\springframework\boot\spring-boot-autoconfigure\2.4.5\spring-boot-autoconfigure-2.4.5.jar;D:\mavenrepository1\repository\org\springframework\boot\spring-boot-starter-logging\2.4.5\spring-boot-starter-logging-2.4.5.jar;D:\mavenrepository1\repository\ch\qos\logback\logback-classic\1.2.3\logback-classic-1.2.3.jar;D:\mavenrepository1\repository\ch\qos\logback\logback-core\1.2.3\logback-core-1.2.3.jar;D:\mavenrepository1\repository\org\apache\logging\log4j\log4j-to-slf4j\2.13.3\log4j-to-slf4j-2.13.3.jar;D:\mavenrepository1\repository\org\apache\logging\log4j\log4j-api\2.13.3\log4j-api-2.13.3.jar;D:\mavenrepository1\repository\org\slf4j\jul-to-slf4j\1.7.30\jul-to-slf4j-1.7.30.jar;D:\mavenrepository1\repository\jakarta\annotation\jakarta.annotation-api\1.3.5\jakarta.annotation-api-1.3.5.jar;D:\mavenrepository1\repository\org\springframework\spring-core\5.3.6\spring-core-5.3.6.jar;D:\mavenrepository1\repository\org\springframework\spring-jcl\5.3.6\spring-jcl-5.3.6.jar;D:\mavenrepository1\repository\org\yaml\snakeyaml\1.27\snakeyaml-1.27.jar;D:\mavenrepository1\repository\org\springframework\boot\spring-boot-starter-test\2.4.5\spring-boot-starter-test-2.4.5.jar;D:\mavenrepository1\repository\org\springframework\boot\spring-boot-test\2.4.5\spring-boot-test-2.4.5.jar;D:\mavenrepository1\repository\org\springframework\boot\spring-boot-test-autoconfigure\2.4.5\spring-boot-test-autoconfigure-2.4.5.jar;D:\mavenrepository1\repository\com\jayway\jsonpath\json-path\2.4.0\json-path-2.4.0.jar;D:\mavenrepository1\repository\net\minidev\json-smart\2.3\json-smart-2.3.jar;D:\mavenrepository1\repository\net\minidev\accessors-smart\1.2\accessors-smart-1.2.jar;D:\mavenrepository1\repository\org\ow2\asm\asm\5.0.4\asm-5.0.4.jar;D:\mavenrepository1\repository\jakarta\xml\bind\jakarta.xml.bind-api\2.3.3\jakarta.xml.bind-api-2.3.3.jar;D:\mavenrepository1\repository\jakarta\activation\jakarta.activation-api\1.2.2\jakarta.activation-api-1.2.2.jar;D:\mavenrepository1\repository\org\assertj\assertj-core\3.18.1\assertj-core-3.18.1.jar;D:\mavenrepository1\repository\org\hamcrest\hamcrest\2.2\hamcrest-2.2.jar;D:\mavenrepository1\repository\org\junit\jupiter\junit-jupiter\5.7.1\junit-jupiter-5.7.1.jar;D:\mavenrepository1\repository\org\junit\jupiter\junit-jupiter-api\5.7.1\junit-jupiter-api-5.7.1.jar;D:\mavenrepository1\repository\org\apiguardian\apiguardian-api\1.1.0\apiguardian-api-1.1.0.jar;D:\mavenrepository1\repository\org\opentest4j\opentest4j\1.2.0\opentest4j-1.2.0.jar;D:\mavenrepository1\repository\org\junit\platform\junit-platform-commons\1.7.1\junit-platform-commons-1.7.1.jar;D:\mavenrepository1\repository\org\junit\jupiter\junit-jupiter-params\5.7.1\junit-jupiter-params-5.7.1.jar;D:\mavenrepository1\repository\org\junit\jupiter\junit-jupiter-engine\5.7.1\junit-jupiter-engine-5.7.1.jar;D:\mavenrepository1\repository\org\junit\platform\junit-platform-engine\1.7.1\junit-platform-engine-1.7.1.jar;D:\mavenrepository1\repository\org\mockito\mockito-core\3.6.28\mockito-core-3.6.28.jar;D:\mavenrepository1\repository\net\bytebuddy\byte-buddy\1.10.22\byte-buddy-1.10.22.jar;D:\mavenrepository1\repository\net\bytebuddy\byte-buddy-agent\1.10.22\byte-buddy-agent-1.10.22.jar;D:\mavenrepository1\repository\org\objenesis\objenesis\3.1\objenesis-3.1.jar;D:\mavenrepository1\repository\org\mockito\mockito-junit-jupiter\3.6.28\mockito-junit-jupiter-3.6.28.jar;D:\mavenrepository1\repository\org\skyscreamer\jsonassert\1.5.0\jsonassert-1.5.0.jar;D:\mavenrepository1\repository\com\vaadin\external\google\android-json\0.0.20131108.vaadin1\android-json-0.0.20131108.vaadin1.jar;D:\mavenrepository1\repository\org\springframework\spring-test\5.3.6\spring-test-5.3.6.jar;D:\mavenrepository1\repository\org\xmlunit\xmlunit-core\2.7.0\xmlunit-core-2.7.0.jar;D:\mavenrepository1\repository\org\mybatis\spring\boot\mybatis-spring-boot-starter\2.1.4\mybatis-spring-boot-starter-2.1.4.jar;D:\mavenrepository1\repository\org\springframework\boot\spring-boot-starter-jdbc\2.4.5\spring-boot-starter-jdbc-2.4.5.jar;D:\mavenrepository1\repository\com\zaxxer\HikariCP\3.4.5\HikariCP-3.4.5.jar;D:\mavenrepository1\repository\org\springframework\spring-jdbc\5.3.6\spring-jdbc-5.3.6.jar;D:\mavenrepository1\repository\org\mybatis\spring\boot\mybatis-spring-boot-autoconfigure\2.1.4\mybatis-spring-boot-autoconfigure-2.1.4.jar;D:\mavenrepository1\repository\org\mybatis\mybatis\3.5.6\mybatis-3.5.6.jar;D:\mavenrepository1\repository\org\mybatis\mybatis-spring\2.0.6\mybatis-spring-2.0.6.jar;D:\mavenrepository1\repository\mysql\mysql-connector-java\8.0.23\mysql-connector-java-8.0.23.jar;D:\mavenrepository1\repository\org\apache\dubbo\dubbo-spring-boot-starter\2.7.8\dubbo-spring-boot-starter-2.7.8.jar;D:\mavenrepository1\repository\org\apache\dubbo\dubbo-spring-boot-autoconfigure\2.7.8\dubbo-spring-boot-autoconfigure-2.7.8.jar;D:\mavenrepository1\repository\org\apache\dubbo\dubbo-spring-boot-autoconfigure-compatible\2.7.8\dubbo-spring-boot-autoconfigure-compatible-2.7.8.jar;D:\mavenrepository1\repository\org\apache\dubbo\dubbo\2.7.8\dubbo-2.7.8.jar;D:\mavenrepository1\repository\com\alibaba\spring\spring-context-support\1.0.8\spring-context-support-1.0.8.jar;D:\mavenrepository1\repository\org\javassist\javassist\3.20.0-GA\javassist-3.20.0-GA.jar;D:\mavenrepository1\repository\io\netty\netty-all\4.1.63.Final\netty-all-4.1.63.Final.jar;D:\mavenrepository1\repository\com\google\code\gson\gson\2.8.6\gson-2.8.6.jar;D:\mavenrepository1\repository\org\apache\curator\curator-recipes\4.0.1\curator-recipes-4.0.1.jar;D:\mavenrepository1\repository\org\apache\curator\curator-framework\4.0.1\curator-framework-4.0.1.jar;D:\mavenrepository1\repository\org\apache\curator\curator-client\4.0.1\curator-client-4.0.1.jar;D:\mavenrepository1\repository\com\google\guava\guava\20.0\guava-20.0.jar;D:\mavenrepository1\repository\org\apache\zookeeper\zookeeper\3.4.13\zookeeper-3.4.13.jar;D:\mavenrepository1\repository\log4j\log4j\1.2.17\log4j-1.2.17.jar;D:\mavenrepository1\repository\jline\jline\0.9.94\jline-0.9.94.jar;D:\mavenrepository1\repository\org\apache\yetus\audience-annotations\0.5.0\audience-annotations-0.5.0.jar;D:\1------Javacourse\06-p2p\workcode\micr-common\target\micr-common-1.0.0.jar;D:\mavenrepository1\repository\com\alibaba\fastjson\1.2.51\fastjson-1.2.51.jar;D:\mavenrepository1\repository\org\apache\httpcomponents\httpclient\4.5.12\httpclient-4.5.12.jar;D:\mavenrepository1\repository\org\apache\httpcomponents\httpcore\4.4.14\httpcore-4.4.14.jar;D:\mavenrepository1\repository\commons-logging\commons-logging\1.2\commons-logging-1.2.jar;D:\mavenrepository1\repository\commons-codec\commons-codec\1.15\commons-codec-1.15.jar;D:\1------Javacourse\06-p2p\workcode\micr-interface\target\micr-interface-1.0.0.jar;D:\mavenrepository1\repository\org\apache\commons\commons-lang3\3.11\commons-lang3-3.11.jar;D:\mavenrepository1\repository\org\projectlombok\lombok\1.18.20\lombok-1.18.20.jar;
2021-06-03 09:05:30,730 [INFO ] org.apache.zookeeper.ZooKeeper Client environment:java.library.path=C:\Program Files\Java\jdk1.8.0_101\jre\bin;C:\WINDOWS\Sun\Java\bin;C:\WINDOWS\system32;C:\WINDOWS;C:\Program Files\Java\jdk1.8.0_101\bin;C:\ProgramData\Oracle\Java\javapath;C:\Program Files (x86)\MySQL\MySQL Server 5.5\bin;C:\Windows\system32;C:\Windows;C:\Windows\System32\Wbem;C:\Windows\System32\WindowsPowerShell\v1.0\;C:\Windows\System32\OpenSSH\;C:\Program Files (x86)\Intel\Intel(R) Management Engine Components\DAL;C:\Program Files\Intel\Intel(R) Management Engine Components\DAL;C:\Program Files\Intel\WiFi\bin\;C:\Program Files\Common Files\Intel\WirelessCommon\;C:\Program Files (x86)\NVIDIA Corporation\PhysX\Common;C:\WINDOWS\system32;C:\WINDOWS;C:\WINDOWS\System32\Wbem;C:\WINDOWS\System32\WindowsPowerShell\v1.0\;C:\WINDOWS\System32\OpenSSH\;D:\tomcat9\bin;C:\Program Files\Java\jdk1.8.0_101\bin;D:\apache-maven-3.3.9\bin;C:\Program Files\Git\cmd;C:\Program Files\TortoiseGit\bin;.
2021-06-03 09:05:30,730 [INFO ] org.apache.zookeeper.ZooKeeper Client environment:java.io.tmpdir=C:\Users\86188\AppData\Local\Temp\
2021-06-03 09:05:30,730 [INFO ] org.apache.zookeeper.ZooKeeper Client environment:java.compiler=<NA>
2021-06-03 09:05:30,730 [INFO ] org.apache.zookeeper.ZooKeeper Client environment:os.name=Windows 10
2021-06-03 09:05:30,730 [INFO ] org.apache.zookeeper.ZooKeeper Client environment:os.arch=amd64
2021-06-03 09:05:30,730 [INFO ] org.apache.zookeeper.ZooKeeper Client environment:os.version=10.0
2021-06-03 09:05:30,730 [INFO ] org.apache.zookeeper.ZooKeeper Client environment:user.name=86188
2021-06-03 09:05:30,730 [INFO ] org.apache.zookeeper.ZooKeeper Client environment:user.home=C:\Users\86188
2021-06-03 09:05:30,730 [INFO ] org.apache.zookeeper.ZooKeeper Client environment:user.dir=D:\1------Javacourse\06-p2p\workcode\micr-dataservice
2021-06-03 09:05:30,732 [INFO ] org.apache.zookeeper.ZooKeeper Initiating client connection, connectString=localhost:2181 sessionTimeout=60000 watcher=org.apache.curator.ConnectionState@62aeddc8
2021-06-03 09:05:31,566 [INFO ] org.apache.zookeeper.ClientCnxn Opening socket connection to server localhost/127.0.0.1:2181. Will not attempt to authenticate using SASL (unknown error)
2021-06-03 09:05:31,568 [INFO ] org.apache.curator.framework.imps.CuratorFrameworkImpl Default schema
2021-06-03 09:05:33,574 [INFO ] org.apache.zookeeper.ClientCnxn Socket error occurred: localhost/127.0.0.1:2181: Connection refused: no further information
2021-06-03 09:05:34,574 [INFO ] o.s.b.a.logging.ConditionEvaluationReportLoggingListener 

Error starting ApplicationContext. To display the conditions report re-run your application with 'debug' enabled.
2021-06-03 09:05:34,595 [ERROR] org.springframework.boot.SpringApplication Application run failed
java.lang.IllegalStateException: zookeeper not connected
	at org.apache.dubbo.remoting.zookeeper.curator.CuratorZookeeperClient.<init>(CuratorZookeeperClient.java:83)
	at org.apache.dubbo.remoting.zookeeper.curator.CuratorZookeeperTransporter.createZookeeperClient(CuratorZookeeperTransporter.java:26)
	at org.apache.dubbo.remoting.zookeeper.support.AbstractZookeeperTransporter.connect(AbstractZookeeperTransporter.java:70)
	at org.apache.dubbo.remoting.zookeeper.ZookeeperTransporter$Adaptive.connect(ZookeeperTransporter$Adaptive.java)
	at org.apache.dubbo.configcenter.support.zookeeper.ZookeeperDynamicConfiguration.<init>(ZookeeperDynamicConfiguration.java:56)
	at org.apache.dubbo.configcenter.support.zookeeper.ZookeeperDynamicConfigurationFactory.createDynamicConfiguration(ZookeeperDynamicConfigurationFactory.java:37)
	at org.apache.dubbo.common.config.configcenter.AbstractDynamicConfigurationFactory.lambda$getDynamicConfiguration$0(AbstractDynamicConfigurationFactory.java:39)
	at java.util.concurrent.ConcurrentHashMap.computeIfAbsent(ConcurrentHashMap.java:1660)
	at org.apache.dubbo.common.config.configcenter.AbstractDynamicConfigurationFactory.getDynamicConfiguration(AbstractDynamicConfigurationFactory.java:39)
	at org.apache.dubbo.common.config.configcenter.DynamicConfiguration.getDynamicConfiguration(DynamicConfiguration.java:224)
	at org.apache.dubbo.config.bootstrap.DubboBootstrap.prepareEnvironment(DubboBootstrap.java:1034)
	at org.apache.dubbo.config.bootstrap.DubboBootstrap.startConfigCenter(DubboBootstrap.java:623)
	at org.apache.dubbo.config.bootstrap.DubboBootstrap.initialize(DubboBootstrap.java:521)
	at org.apache.dubbo.config.bootstrap.DubboBootstrap.start(DubboBootstrap.java:896)
	at org.apache.dubbo.config.spring.context.DubboBootstrapApplicationListener.onContextRefreshedEvent(DubboBootstrapApplicationListener.java:59)
	at org.apache.dubbo.config.spring.context.DubboBootstrapApplicationListener.onApplicationContextEvent(DubboBootstrapApplicationListener.java:52)
	at org.apache.dubbo.config.spring.context.OneTimeExecutionApplicationContextEventListener.onApplicationEvent(OneTimeExecutionApplicationContextEventListener.java:40)
	at org.springframework.context.event.SimpleApplicationEventMulticaster.doInvokeListener(SimpleApplicationEventMulticaster.java:176)
	at org.springframework.context.event.SimpleApplicationEventMulticaster.invokeListener(SimpleApplicationEventMulticaster.java:169)
	at org.springframework.context.event.SimpleApplicationEventMulticaster.multicastEvent(SimpleApplicationEventMulticaster.java:143)
	at org.springframework.context.support.AbstractApplicationContext.publishEvent(AbstractApplicationContext.java:421)
	at org.springframework.context.support.AbstractApplicationContext.publishEvent(AbstractApplicationContext.java:378)
	at org.springframework.context.support.AbstractApplicationContext.finishRefresh(AbstractApplicationContext.java:938)
	at org.springframework.context.support.AbstractApplicationContext.refresh(AbstractApplicationContext.java:586)
	at org.springframework.boot.SpringApplication.refresh(SpringApplication.java:782)
	at org.springframework.boot.SpringApplication.refresh(SpringApplication.java:774)
	at org.springframework.boot.SpringApplication.refreshContext(SpringApplication.java:439)
	at org.springframework.boot.SpringApplication.run(SpringApplication.java:339)
	at org.springframework.boot.test.context.SpringBootContextLoader.loadContext(SpringBootContextLoader.java:123)
	at org.springframework.test.context.cache.DefaultCacheAwareContextLoaderDelegate.loadContextInternal(DefaultCacheAwareContextLoaderDelegate.java:99)
	at org.springframework.test.context.cache.DefaultCacheAwareContextLoaderDelegate.loadContext(DefaultCacheAwareContextLoaderDelegate.java:124)
	at org.springframework.test.context.support.DefaultTestContext.getApplicationContext(DefaultTestContext.java:124)
	at org.springframework.test.context.support.DependencyInjectionTestExecutionListener.injectDependencies(DependencyInjectionTestExecutionListener.java:118)
	at org.springframework.test.context.support.DependencyInjectionTestExecutionListener.prepareTestInstance(DependencyInjectionTestExecutionListener.java:83)
	at org.springframework.boot.test.autoconfigure.SpringBootDependencyInjectionTestExecutionListener.prepareTestInstance(SpringBootDependencyInjectionTestExecutionListener.java:43)
	at org.springframework.test.context.TestContextManager.prepareTestInstance(TestContextManager.java:244)
	at org.springframework.test.context.junit.jupiter.SpringExtension.postProcessTestInstance(SpringExtension.java:138)
	at org.junit.jupiter.engine.descriptor.ClassBasedTestDescriptor.lambda$invokeTestInstancePostProcessors$6(ClassBasedTestDescriptor.java:350)
	at org.junit.jupiter.engine.descriptor.ClassBasedTestDescriptor.executeAndMaskThrowable(ClassBasedTestDescriptor.java:355)
	at org.junit.jupiter.engine.descriptor.ClassBasedTestDescriptor.lambda$invokeTestInstancePostProcessors$7(ClassBasedTestDescriptor.java:350)
	at java.util.stream.ReferencePipeline$3$1.accept(ReferencePipeline.java:193)
	at java.util.stream.ReferencePipeline$2$1.accept(ReferencePipeline.java:175)
	at java.util.ArrayList$ArrayListSpliterator.forEachRemaining(ArrayList.java:1374)
	at java.util.stream.AbstractPipeline.copyInto(AbstractPipeline.java:481)
	at java.util.stream.AbstractPipeline.wrapAndCopyInto(AbstractPipeline.java:471)
	at java.util.stream.StreamSpliterators$WrappingSpliterator.forEachRemaining(StreamSpliterators.java:312)
	at java.util.stream.Streams$ConcatSpliterator.forEachRemaining(Streams.java:743)
	at java.util.stream.Streams$ConcatSpliterator.forEachRemaining(Streams.java:742)
	at java.util.stream.ReferencePipeline$Head.forEach(ReferencePipeline.java:580)
	at org.junit.jupiter.engine.descriptor.ClassBasedTestDescriptor.invokeTestInstancePostProcessors(ClassBasedTestDescriptor.java:349)
	at org.junit.jupiter.engine.descriptor.ClassBasedTestDescriptor.lambda$instantiateAndPostProcessTestInstance$4(ClassBasedTestDescriptor.java:270)
	at org.junit.platform.engine.support.hierarchical.ThrowableCollector.execute(ThrowableCollector.java:73)
	at org.junit.jupiter.engine.descriptor.ClassBasedTestDescriptor.instantiateAndPostProcessTestInstance(ClassBasedTestDescriptor.java:269)
	at org.junit.jupiter.engine.descriptor.ClassBasedTestDescriptor.lambda$testInstancesProvider$2(ClassBasedTestDescriptor.java:259)
	at java.util.Optional.orElseGet(Optional.java:267)
	at org.junit.jupiter.engine.descriptor.ClassBasedTestDescriptor.lambda$testInstancesProvider$3(ClassBasedTestDescriptor.java:258)
	at org.junit.jupiter.engine.execution.TestInstancesProvider.getTestInstances(TestInstancesProvider.java:31)
	at org.junit.jupiter.engine.descriptor.TestMethodTestDescriptor.lambda$prepare$0(TestMethodTestDescriptor.java:101)
	at org.junit.platform.engine.support.hierarchical.ThrowableCollector.execute(ThrowableCollector.java:73)
	at org.junit.jupiter.engine.descriptor.TestMethodTestDescriptor.prepare(TestMethodTestDescriptor.java:100)
	at org.junit.jupiter.engine.descriptor.TestMethodTestDescriptor.prepare(TestMethodTestDescriptor.java:65)
	at org.junit.platform.engine.support.hierarchical.NodeTestTask.lambda$prepare$1(NodeTestTask.java:111)
	at org.junit.platform.engine.support.hierarchical.ThrowableCollector.execute(ThrowableCollector.java:73)
	at org.junit.platform.engine.support.hierarchical.NodeTestTask.prepare(NodeTestTask.java:111)
	at org.junit.platform.engine.support.hierarchical.NodeTestTask.execute(NodeTestTask.java:79)
	at java.util.ArrayList.forEach(ArrayList.java:1249)
	at org.junit.platform.engine.support.hierarchical.SameThreadHierarchicalTestExecutorService.invokeAll(SameThreadHierarchicalTestExecutorService.java:38)
	at org.junit.platform.engine.support.hierarchical.NodeTestTask.lambda$executeRecursively$5(NodeTestTask.java:143)
	at org.junit.platform.engine.support.hierarchical.ThrowableCollector.execute(ThrowableCollector.java:73)
	at org.junit.platform.engine.support.hierarchical.NodeTestTask.lambda$executeRecursively$7(NodeTestTask.java:129)
	at org.junit.platform.engine.support.hierarchical.Node.around(Node.java:137)
	at org.junit.platform.engine.support.hierarchical.NodeTestTask.lambda$executeRecursively$8(NodeTestTask.java:127)
	at org.junit.platform.engine.support.hierarchical.ThrowableCollector.execute(ThrowableCollector.java:73)
	at org.junit.platform.engine.support.hierarchical.NodeTestTask.executeRecursively(NodeTestTask.java:126)
	at org.junit.platform.engine.support.hierarchical.NodeTestTask.execute(NodeTestTask.java:84)
	at java.util.ArrayList.forEach(ArrayList.java:1249)
	at org.junit.platform.engine.support.hierarchical.SameThreadHierarchicalTestExecutorService.invokeAll(SameThreadHierarchicalTestExecutorService.java:38)
	at org.junit.platform.engine.support.hierarchical.NodeTestTask.lambda$executeRecursively$5(NodeTestTask.java:143)
	at org.junit.platform.engine.support.hierarchical.ThrowableCollector.execute(ThrowableCollector.java:73)
	at org.junit.platform.engine.support.hierarchical.NodeTestTask.lambda$executeRecursively$7(NodeTestTask.java:129)
	at org.junit.platform.engine.support.hierarchical.Node.around(Node.java:137)
	at org.junit.platform.engine.support.hierarchical.NodeTestTask.lambda$executeRecursively$8(NodeTestTask.java:127)
	at org.junit.platform.engine.support.hierarchical.ThrowableCollector.execute(ThrowableCollector.java:73)
	at org.junit.platform.engine.support.hierarchical.NodeTestTask.executeRecursively(NodeTestTask.java:126)
	at org.junit.platform.engine.support.hierarchical.NodeTestTask.execute(NodeTestTask.java:84)
	at org.junit.platform.engine.support.hierarchical.SameThreadHierarchicalTestExecutorService.submit(SameThreadHierarchicalTestExecutorService.java:32)
	at org.junit.platform.engine.support.hierarchical.HierarchicalTestExecutor.execute(HierarchicalTestExecutor.java:57)
	at org.junit.platform.engine.support.hierarchical.HierarchicalTestEngine.execute(HierarchicalTestEngine.java:51)
	at org.junit.platform.launcher.core.DefaultLauncher.execute(DefaultLauncher.java:220)
	at org.junit.platform.launcher.core.DefaultLauncher.lambda$execute$6(DefaultLauncher.java:188)
	at org.junit.platform.launcher.core.DefaultLauncher.withInterceptedStreams(DefaultLauncher.java:202)
	at org.junit.platform.launcher.core.DefaultLauncher.execute(DefaultLauncher.java:181)
	at org.junit.platform.launcher.core.DefaultLauncher.execute(DefaultLauncher.java:128)
	at org.apache.maven.surefire.junitplatform.JUnitPlatformProvider.invokeAllTests(JUnitPlatformProvider.java:150)
	at org.apache.maven.surefire.junitplatform.JUnitPlatformProvider.invoke(JUnitPlatformProvider.java:124)
	at org.apache.maven.surefire.booter.ForkedBooter.invokeProviderInSameClassLoader(ForkedBooter.java:384)
	at org.apache.maven.surefire.booter.ForkedBooter.runSuitesInProcess(ForkedBooter.java:345)
	at org.apache.maven.surefire.booter.ForkedBooter.execute(ForkedBooter.java:126)
	at org.apache.maven.surefire.booter.ForkedBooter.main(ForkedBooter.java:418)
Caused by: java.lang.IllegalStateException: zookeeper not connected
	at org.apache.dubbo.remoting.zookeeper.curator.CuratorZookeeperClient.<init>(CuratorZookeeperClient.java:80)
	... 98 common frames omitted
2021-06-03 09:05:34,622 [INFO ] o.a.d.c.s.b.f.a.ReferenceAnnotationBeanPostProcessor class org.apache.dubbo.config.spring.beans.factory.annotation.ReferenceAnnotationBeanPostProcessor was destroying!
2021-06-03 09:05:34,650 [INFO ] o.a.d.s.b.c.event.OverrideDubboConfigApplicationListener Dubbo Config was overridden by externalized configuration {dubbo.application.name=micr-dataservice, dubbo.application.qos-enable=false, dubbo.config.multiple=true, dubbo.protocol.name=dubbo, dubbo.provider.timeout=5000, dubbo.registry.address=zookeeper://localhost:2181, dubbo.scan.base-packages=com.bjpowernode.licai.service}

  .   ____          _            __ _ _
 /\\ / ___'_ __ _ _(_)_ __  __ _ \ \ \ \
( ( )\___ | '_ | '_| | '_ \/ _` | \ \ \ \
 \\/  ___)| |_)| | | | | || (_| |  ) ) ) )
  '  |____| .__|_| |_|_| |_\__, | / / / /
 =========|_|==============|___/=/_/_/_/
 :: Spring Boot ::                (v2.4.5)

2021-06-03 09:05:34,658 [INFO ] com.bjpowernode.dataservice.MicrDataserviceApplicationTests Starting MicrDataserviceApplicationTests using Java 1.8.0_101 on DESKTOP-FHF20CP with PID 19568 (started by 86188 in D:\1------Javacourse\06-p2p\workcode\micr-dataservice)
2021-06-03 09:05:34,659 [INFO ] com.bjpowernode.dataservice.MicrDataserviceApplicationTests No active profile set, falling back to default profiles: default
2021-06-03 09:05:34,680 [INFO ] org.apache.zookeeper.ClientCnxn Opening socket connection to server localhost/0:0:0:0:0:0:0:1:2181. Will not attempt to authenticate using SASL (unknown error)
2021-06-03 09:05:34,813 [INFO ] com.alibaba.spring.util.BeanRegistrar The Infrastructure bean definition [Root bean: class [org.apache.dubbo.config.spring.beans.factory.annotation.ReferenceAnnotationBeanPostProcessor]; scope=; abstract=false; lazyInit=null; autowireMode=0; dependencyCheck=0; autowireCandidate=true; primary=false; factoryBeanName=null; factoryMethodName=null; initMethodName=null; destroyMethodName=nullwith name [referenceAnnotationBeanPostProcessor] has been registered.
2021-06-03 09:05:34,814 [INFO ] com.alibaba.spring.util.BeanRegistrar The Infrastructure bean definition [Root bean: class [org.apache.dubbo.config.spring.beans.factory.annotation.DubboConfigAliasPostProcessor]; scope=; abstract=false; lazyInit=null; autowireMode=0; dependencyCheck=0; autowireCandidate=true; primary=false; factoryBeanName=null; factoryMethodName=null; initMethodName=null; destroyMethodName=nullwith name [dubboConfigAliasPostProcessor] has been registered.
2021-06-03 09:05:34,814 [INFO ] com.alibaba.spring.util.BeanRegistrar The Infrastructure bean definition [Root bean: class [org.apache.dubbo.config.spring.context.DubboLifecycleComponentApplicationListener]; scope=; abstract=false; lazyInit=null; autowireMode=0; dependencyCheck=0; autowireCandidate=true; primary=false; factoryBeanName=null; factoryMethodName=null; initMethodName=null; destroyMethodName=nullwith name [dubboLifecycleComponentApplicationListener] has been registered.
2021-06-03 09:05:34,817 [INFO ] com.alibaba.spring.util.BeanRegistrar The Infrastructure bean definition [Root bean: class [org.apache.dubbo.config.spring.context.DubboBootstrapApplicationListener]; scope=; abstract=false; lazyInit=null; autowireMode=0; dependencyCheck=0; autowireCandidate=true; primary=false; factoryBeanName=null; factoryMethodName=null; initMethodName=null; destroyMethodName=nullwith name [dubboBootstrapApplicationListener] has been registered.
2021-06-03 09:05:34,817 [INFO ] com.alibaba.spring.util.BeanRegistrar The Infrastructure bean definition [Root bean: class [org.apache.dubbo.config.spring.beans.factory.config.DubboConfigDefaultPropertyValueBeanPostProcessor]; scope=; abstract=false; lazyInit=null; autowireMode=0; dependencyCheck=0; autowireCandidate=true; primary=false; factoryBeanName=null; factoryMethodName=null; initMethodName=null; destroyMethodName=nullwith name [dubboConfigDefaultPropertyValueBeanPostProcessor] has been registered.
2021-06-03 09:05:34,852 [INFO ] o.s.data.repository.config.RepositoryConfigurationDelegate Multiple Spring Data modules found, entering strict repository configuration mode!
2021-06-03 09:05:34,855 [INFO ] o.s.data.repository.config.RepositoryConfigurationDelegate Bootstrapping Spring Data Redis repositories in DEFAULT mode.
2021-06-03 09:05:34,896 [INFO ] o.s.data.repository.config.RepositoryConfigurationDelegate Finished Spring Data repository scanning in 39 ms. Found 0 Redis repository interfaces.
2021-06-03 09:05:34,912 [INFO ] c.a.s.b.factory.annotation.ConfigurationBeanBindingRegistrar The configuration bean definition [name : org.apache.dubbo.config.ApplicationConfig#0, content : Root bean: class [org.apache.dubbo.config.ApplicationConfig]; scope=; abstract=false; lazyInit=null; autowireMode=0; dependencyCheck=0; autowireCandidate=true; primary=false; factoryBeanName=null; factoryMethodName=null; initMethodName=null; destroyMethodName=null] has been registered.
2021-06-03 09:05:34,912 [INFO ] com.alibaba.spring.util.BeanRegistrar The Infrastructure bean definition [Root bean: class [com.alibaba.spring.beans.factory.annotation.ConfigurationBeanBindingPostProcessor]; scope=; abstract=false; lazyInit=null; autowireMode=0; dependencyCheck=0; autowireCandidate=true; primary=false; factoryBeanName=null; factoryMethodName=null; initMethodName=null; destroyMethodName=nullwith name [configurationBeanBindingPostProcessor] has been registered.
2021-06-03 09:05:34,912 [INFO ] c.a.s.b.factory.annotation.ConfigurationBeanBindingRegistrar The configuration bean definition [name : org.apache.dubbo.config.RegistryConfig#0, content : Root bean: class [org.apache.dubbo.config.RegistryConfig]; scope=; abstract=false; lazyInit=null; autowireMode=0; dependencyCheck=0; autowireCandidate=true; primary=false; factoryBeanName=null; factoryMethodName=null; initMethodName=null; destroyMethodName=null] has been registered.
2021-06-03 09:05:34,912 [INFO ] c.a.s.b.factory.annotation.ConfigurationBeanBindingRegistrar The configuration bean definition [name : org.apache.dubbo.config.ProtocolConfig#0, content : Root bean: class [org.apache.dubbo.config.ProtocolConfig]; scope=; abstract=false; lazyInit=null; autowireMode=0; dependencyCheck=0; autowireCandidate=true; primary=false; factoryBeanName=null; factoryMethodName=null; initMethodName=null; destroyMethodName=null] has been registered.
2021-06-03 09:05:34,913 [INFO ] c.a.s.b.factory.annotation.ConfigurationBeanBindingRegistrar The configuration bean definition [name : org.apache.dubbo.config.ProviderConfig#0, content : Root bean: class [org.apache.dubbo.config.ProviderConfig]; scope=; abstract=false; lazyInit=null; autowireMode=0; dependencyCheck=0; autowireCandidate=true; primary=false; factoryBeanName=null; factoryMethodName=null; initMethodName=null; destroyMethodName=null] has been registered.
2021-06-03 09:05:34,962 [INFO ] com.alibaba.spring.util.BeanRegistrar The Infrastructure bean definition [Root bean: class [org.apache.dubbo.config.spring.context.DubboBootstrapApplicationListener]; scope=; abstract=false; lazyInit=null; autowireMode=0; dependencyCheck=0; autowireCandidate=true; primary=false; factoryBeanName=null; factoryMethodName=null; initMethodName=null; destroyMethodName=nullwith name [dubboBootstrapApplicationListener] has been registered.
2021-06-03 09:05:34,976 [INFO ] o.s.context.annotation.ConfigurationClassPostProcessor Cannot enhance @Configuration bean definition 'org.apache.dubbo.spring.boot.autoconfigure.DubboRelaxedBinding2AutoConfiguration' since its singleton instance has been created too early. The typical cause is a non-static @Bean method with a BeanDefinitionRegistryPostProcessor return type: Consider declaring such methods as 'static'.
2021-06-03 09:05:34,976 [INFO ] o.s.context.annotation.ConfigurationClassPostProcessor Cannot enhance @Configuration bean definition 'org.apache.dubbo.spring.boot.autoconfigure.DubboAutoConfiguration' since its singleton instance has been created too early. The typical cause is a non-static @Bean method with a BeanDefinitionRegistryPostProcessor return type: Consider declaring such methods as 'static'.
Logging initialized using 'class org.apache.ibatis.logging.stdout.StdOutImpl' adapter.
Parsed mapper file: 'file [D:\1------Javacourse\06-p2p\workcode\micr-dataservice\target\classes\mappers\BidInfoMapper.xml]'
Parsed mapper file: 'file [D:\1------Javacourse\06-p2p\workcode\micr-dataservice\target\classes\mappers\FinanceAccountMapper.xml]'
Parsed mapper file: 'file [D:\1------Javacourse\06-p2p\workcode\micr-dataservice\target\classes\mappers\IncomeRecordMapper.xml]'
Parsed mapper file: 'file [D:\1------Javacourse\06-p2p\workcode\micr-dataservice\target\classes\mappers\LoanInfoMapper.xml]'
Parsed mapper file: 'file [D:\1------Javacourse\06-p2p\workcode\micr-dataservice\target\classes\mappers\RechargeRecordMapper.xml]'
Parsed mapper file: 'file [D:\1------Javacourse\06-p2p\workcode\micr-dataservice\target\classes\mappers\UserMapper.xml]'
2021-06-03 09:05:35,635 [INFO ] c.a.s.b.f.annotation.ConfigurationBeanBindingPostProcessor The configuration bean [<dubbo:application name="micr-dataservice" hostname="DESKTOP-FHF20CP" qosEnable="false" />] have been binding by the configuration properties [{name=micr-dataservice, qos-enable=false}]
2021-06-03 09:05:35,642 [INFO ] c.a.s.b.f.annotation.ConfigurationBeanBindingPostProcessor The configuration bean [<dubbo:registry address="zookeeper://localhost:2181" protocol="zookeeper" port="2181" />] have been binding by the configuration properties [{address=zookeeper://localhost:2181}]
2021-06-03 09:05:35,648 [INFO ] c.a.s.b.f.annotation.ConfigurationBeanBindingPostProcessor The configuration bean [<dubbo:protocol name="dubbo" />] have been binding by the configuration properties [{name=dubbo}]
2021-06-03 09:05:35,663 [INFO ] c.a.s.b.f.annotation.ConfigurationBeanBindingPostProcessor The configuration bean [<dubbo:provider />] have been binding by the configuration properties [{timeout=5000}]
2021-06-03 09:05:36,704 [INFO ] org.apache.zookeeper.ClientCnxn Socket error occurred: localhost/0:0:0:0:0:0:0:1:2181: Connection refused: no further information
2021-06-03 09:05:37,571 [INFO ] o.s.b.a.logging.ConditionEvaluationReportLoggingListener 

Error starting ApplicationContext. To display the conditions report re-run your application with 'debug' enabled.
2021-06-03 09:05:37,573 [ERROR] org.springframework.boot.SpringApplication Application run failed
java.lang.NullPointerException: null
	at org.apache.dubbo.config.bootstrap.DubboBootstrap.hasExportedServices(DubboBootstrap.java:938)
	at org.apache.dubbo.config.bootstrap.DubboBootstrap.start(DubboBootstrap.java:904)
	at org.apache.dubbo.config.spring.context.DubboBootstrapApplicationListener.onContextRefreshedEvent(DubboBootstrapApplicationListener.java:59)
	at org.apache.dubbo.config.spring.context.DubboBootstrapApplicationListener.onApplicationContextEvent(DubboBootstrapApplicationListener.java:52)
	at org.apache.dubbo.config.spring.context.OneTimeExecutionApplicationContextEventListener.onApplicationEvent(OneTimeExecutionApplicationContextEventListener.java:40)
	at org.springframework.context.event.SimpleApplicationEventMulticaster.doInvokeListener(SimpleApplicationEventMulticaster.java:176)
	at org.springframework.context.event.SimpleApplicationEventMulticaster.invokeListener(SimpleApplicationEventMulticaster.java:169)
	at org.springframework.context.event.SimpleApplicationEventMulticaster.multicastEvent(SimpleApplicationEventMulticaster.java:143)
	at org.springframework.context.support.AbstractApplicationContext.publishEvent(AbstractApplicationContext.java:421)
	at org.springframework.context.support.AbstractApplicationContext.publishEvent(AbstractApplicationContext.java:378)
	at org.springframework.context.support.AbstractApplicationContext.finishRefresh(AbstractApplicationContext.java:938)
	at org.springframework.context.support.AbstractApplicationContext.refresh(AbstractApplicationContext.java:586)
	at org.springframework.boot.SpringApplication.refresh(SpringApplication.java:782)
	at org.springframework.boot.SpringApplication.refresh(SpringApplication.java:774)
	at org.springframework.boot.SpringApplication.refreshContext(SpringApplication.java:439)
	at org.springframework.boot.SpringApplication.run(SpringApplication.java:339)
	at org.springframework.boot.test.context.SpringBootContextLoader.loadContext(SpringBootContextLoader.java:123)
	at org.springframework.test.context.cache.DefaultCacheAwareContextLoaderDelegate.loadContextInternal(DefaultCacheAwareContextLoaderDelegate.java:99)
	at org.springframework.test.context.cache.DefaultCacheAwareContextLoaderDelegate.loadContext(DefaultCacheAwareContextLoaderDelegate.java:124)
	at org.springframework.test.context.support.DefaultTestContext.getApplicationContext(DefaultTestContext.java:124)
	at org.springframework.boot.test.autoconfigure.SpringBootDependencyInjectionTestExecutionListener.outputConditionEvaluationReport(SpringBootDependencyInjectionTestExecutionListener.java:53)
	at org.springframework.boot.test.autoconfigure.SpringBootDependencyInjectionTestExecutionListener.prepareTestInstance(SpringBootDependencyInjectionTestExecutionListener.java:46)
	at org.springframework.test.context.TestContextManager.prepareTestInstance(TestContextManager.java:244)
	at org.springframework.test.context.junit.jupiter.SpringExtension.postProcessTestInstance(SpringExtension.java:138)
	at org.junit.jupiter.engine.descriptor.ClassBasedTestDescriptor.lambda$invokeTestInstancePostProcessors$6(ClassBasedTestDescriptor.java:350)
	at org.junit.jupiter.engine.descriptor.ClassBasedTestDescriptor.executeAndMaskThrowable(ClassBasedTestDescriptor.java:355)
	at org.junit.jupiter.engine.descriptor.ClassBasedTestDescriptor.lambda$invokeTestInstancePostProcessors$7(ClassBasedTestDescriptor.java:350)
	at java.util.stream.ReferencePipeline$3$1.accept(ReferencePipeline.java:193)
	at java.util.stream.ReferencePipeline$2$1.accept(ReferencePipeline.java:175)
	at java.util.ArrayList$ArrayListSpliterator.forEachRemaining(ArrayList.java:1374)
	at java.util.stream.AbstractPipeline.copyInto(AbstractPipeline.java:481)
	at java.util.stream.AbstractPipeline.wrapAndCopyInto(AbstractPipeline.java:471)
	at java.util.stream.StreamSpliterators$WrappingSpliterator.forEachRemaining(StreamSpliterators.java:312)
	at java.util.stream.Streams$ConcatSpliterator.forEachRemaining(Streams.java:743)
	at java.util.stream.Streams$ConcatSpliterator.forEachRemaining(Streams.java:742)
	at java.util.stream.ReferencePipeline$Head.forEach(ReferencePipeline.java:580)
	at org.junit.jupiter.engine.descriptor.ClassBasedTestDescriptor.invokeTestInstancePostProcessors(ClassBasedTestDescriptor.java:349)
	at org.junit.jupiter.engine.descriptor.ClassBasedTestDescriptor.lambda$instantiateAndPostProcessTestInstance$4(ClassBasedTestDescriptor.java:270)
	at org.junit.platform.engine.support.hierarchical.ThrowableCollector.execute(ThrowableCollector.java:73)
	at org.junit.jupiter.engine.descriptor.ClassBasedTestDescriptor.instantiateAndPostProcessTestInstance(ClassBasedTestDescriptor.java:269)
	at org.junit.jupiter.engine.descriptor.ClassBasedTestDescriptor.lambda$testInstancesProvider$2(ClassBasedTestDescriptor.java:259)
	at java.util.Optional.orElseGet(Optional.java:267)
	at org.junit.jupiter.engine.descriptor.ClassBasedTestDescriptor.lambda$testInstancesProvider$3(ClassBasedTestDescriptor.java:258)
	at org.junit.jupiter.engine.execution.TestInstancesProvider.getTestInstances(TestInstancesProvider.java:31)
	at org.junit.jupiter.engine.descriptor.TestMethodTestDescriptor.lambda$prepare$0(TestMethodTestDescriptor.java:101)
	at org.junit.platform.engine.support.hierarchical.ThrowableCollector.execute(ThrowableCollector.java:73)
	at org.junit.jupiter.engine.descriptor.TestMethodTestDescriptor.prepare(TestMethodTestDescriptor.java:100)
	at org.junit.jupiter.engine.descriptor.TestMethodTestDescriptor.prepare(TestMethodTestDescriptor.java:65)
	at org.junit.platform.engine.support.hierarchical.NodeTestTask.lambda$prepare$1(NodeTestTask.java:111)
	at org.junit.platform.engine.support.hierarchical.ThrowableCollector.execute(ThrowableCollector.java:73)
	at org.junit.platform.engine.support.hierarchical.NodeTestTask.prepare(NodeTestTask.java:111)
	at org.junit.platform.engine.support.hierarchical.NodeTestTask.execute(NodeTestTask.java:79)
	at java.util.ArrayList.forEach(ArrayList.java:1249)
	at org.junit.platform.engine.support.hierarchical.SameThreadHierarchicalTestExecutorService.invokeAll(SameThreadHierarchicalTestExecutorService.java:38)
	at org.junit.platform.engine.support.hierarchical.NodeTestTask.lambda$executeRecursively$5(NodeTestTask.java:143)
	at org.junit.platform.engine.support.hierarchical.ThrowableCollector.execute(ThrowableCollector.java:73)
	at org.junit.platform.engine.support.hierarchical.NodeTestTask.lambda$executeRecursively$7(NodeTestTask.java:129)
	at org.junit.platform.engine.support.hierarchical.Node.around(Node.java:137)
	at org.junit.platform.engine.support.hierarchical.NodeTestTask.lambda$executeRecursively$8(NodeTestTask.java:127)
	at org.junit.platform.engine.support.hierarchical.ThrowableCollector.execute(ThrowableCollector.java:73)
	at org.junit.platform.engine.support.hierarchical.NodeTestTask.executeRecursively(NodeTestTask.java:126)
	at org.junit.platform.engine.support.hierarchical.NodeTestTask.execute(NodeTestTask.java:84)
	at java.util.ArrayList.forEach(ArrayList.java:1249)
	at org.junit.platform.engine.support.hierarchical.SameThreadHierarchicalTestExecutorService.invokeAll(SameThreadHierarchicalTestExecutorService.java:38)
	at org.junit.platform.engine.support.hierarchical.NodeTestTask.lambda$executeRecursively$5(NodeTestTask.java:143)
	at org.junit.platform.engine.support.hierarchical.ThrowableCollector.execute(ThrowableCollector.java:73)
	at org.junit.platform.engine.support.hierarchical.NodeTestTask.lambda$executeRecursively$7(NodeTestTask.java:129)
	at org.junit.platform.engine.support.hierarchical.Node.around(Node.java:137)
	at org.junit.platform.engine.support.hierarchical.NodeTestTask.lambda$executeRecursively$8(NodeTestTask.java:127)
	at org.junit.platform.engine.support.hierarchical.ThrowableCollector.execute(ThrowableCollector.java:73)
	at org.junit.platform.engine.support.hierarchical.NodeTestTask.executeRecursively(NodeTestTask.java:126)
	at org.junit.platform.engine.support.hierarchical.NodeTestTask.execute(NodeTestTask.java:84)
	at org.junit.platform.engine.support.hierarchical.SameThreadHierarchicalTestExecutorService.submit(SameThreadHierarchicalTestExecutorService.java:32)
	at org.junit.platform.engine.support.hierarchical.HierarchicalTestExecutor.execute(HierarchicalTestExecutor.java:57)
	at org.junit.platform.engine.support.hierarchical.HierarchicalTestEngine.execute(HierarchicalTestEngine.java:51)
	at org.junit.platform.launcher.core.DefaultLauncher.execute(DefaultLauncher.java:220)
	at org.junit.platform.launcher.core.DefaultLauncher.lambda$execute$6(DefaultLauncher.java:188)
	at org.junit.platform.launcher.core.DefaultLauncher.withInterceptedStreams(DefaultLauncher.java:202)
	at org.junit.platform.launcher.core.DefaultLauncher.execute(DefaultLauncher.java:181)
	at org.junit.platform.launcher.core.DefaultLauncher.execute(DefaultLauncher.java:128)
	at org.apache.maven.surefire.junitplatform.JUnitPlatformProvider.invokeAllTests(JUnitPlatformProvider.java:150)
	at org.apache.maven.surefire.junitplatform.JUnitPlatformProvider.invoke(JUnitPlatformProvider.java:124)
	at org.apache.maven.surefire.booter.ForkedBooter.invokeProviderInSameClassLoader(ForkedBooter.java:384)
	at org.apache.maven.surefire.booter.ForkedBooter.runSuitesInProcess(ForkedBooter.java:345)
	at org.apache.maven.surefire.booter.ForkedBooter.execute(ForkedBooter.java:126)
	at org.apache.maven.surefire.booter.ForkedBooter.main(ForkedBooter.java:418)
2021-06-03 09:05:37,581 [INFO ] o.a.d.c.s.b.f.a.ReferenceAnnotationBeanPostProcessor class org.apache.dubbo.config.spring.beans.factory.annotation.ReferenceAnnotationBeanPostProcessor was destroying!
2021-06-03 09:05:37,582 [ERROR] org.springframework.test.context.TestContextManager Caught exception while allowing TestExecutionListener [org.springframework.boot.test.autoconfigure.SpringBootDependencyInjectionTestExecutionListener@70ed52de] to prepare test instance [com.bjpowernode.dataservice.MicrDataserviceApplicationTests@431cd9b2]
java.lang.IllegalStateException: Failed to load ApplicationContext
	at org.springframework.test.context.cache.DefaultCacheAwareContextLoaderDelegate.loadContext(DefaultCacheAwareContextLoaderDelegate.java:132)
	at org.springframework.test.context.support.DefaultTestContext.getApplicationContext(DefaultTestContext.java:124)
	at org.springframework.test.context.support.DependencyInjectionTestExecutionListener.injectDependencies(DependencyInjectionTestExecutionListener.java:118)
	at org.springframework.test.context.support.DependencyInjectionTestExecutionListener.prepareTestInstance(DependencyInjectionTestExecutionListener.java:83)
	at org.springframework.boot.test.autoconfigure.SpringBootDependencyInjectionTestExecutionListener.prepareTestInstance(SpringBootDependencyInjectionTestExecutionListener.java:43)
	at org.springframework.test.context.TestContextManager.prepareTestInstance(TestContextManager.java:244)
	at org.springframework.test.context.junit.jupiter.SpringExtension.postProcessTestInstance(SpringExtension.java:138)
	at org.junit.jupiter.engine.descriptor.ClassBasedTestDescriptor.lambda$invokeTestInstancePostProcessors$6(ClassBasedTestDescriptor.java:350)
	at org.junit.jupiter.engine.descriptor.ClassBasedTestDescriptor.executeAndMaskThrowable(ClassBasedTestDescriptor.java:355)
	at org.junit.jupiter.engine.descriptor.ClassBasedTestDescriptor.lambda$invokeTestInstancePostProcessors$7(ClassBasedTestDescriptor.java:350)
	at java.util.stream.ReferencePipeline$3$1.accept(ReferencePipeline.java:193)
	at java.util.stream.ReferencePipeline$2$1.accept(ReferencePipeline.java:175)
	at java.util.ArrayList$ArrayListSpliterator.forEachRemaining(ArrayList.java:1374)
	at java.util.stream.AbstractPipeline.copyInto(AbstractPipeline.java:481)
	at java.util.stream.AbstractPipeline.wrapAndCopyInto(AbstractPipeline.java:471)
	at java.util.stream.StreamSpliterators$WrappingSpliterator.forEachRemaining(StreamSpliterators.java:312)
	at java.util.stream.Streams$ConcatSpliterator.forEachRemaining(Streams.java:743)
	at java.util.stream.Streams$ConcatSpliterator.forEachRemaining(Streams.java:742)
	at java.util.stream.ReferencePipeline$Head.forEach(ReferencePipeline.java:580)
	at org.junit.jupiter.engine.descriptor.ClassBasedTestDescriptor.invokeTestInstancePostProcessors(ClassBasedTestDescriptor.java:349)
	at org.junit.jupiter.engine.descriptor.ClassBasedTestDescriptor.lambda$instantiateAndPostProcessTestInstance$4(ClassBasedTestDescriptor.java:270)
	at org.junit.platform.engine.support.hierarchical.ThrowableCollector.execute(ThrowableCollector.java:73)
	at org.junit.jupiter.engine.descriptor.ClassBasedTestDescriptor.instantiateAndPostProcessTestInstance(ClassBasedTestDescriptor.java:269)
	at org.junit.jupiter.engine.descriptor.ClassBasedTestDescriptor.lambda$testInstancesProvider$2(ClassBasedTestDescriptor.java:259)
	at java.util.Optional.orElseGet(Optional.java:267)
	at org.junit.jupiter.engine.descriptor.ClassBasedTestDescriptor.lambda$testInstancesProvider$3(ClassBasedTestDescriptor.java:258)
	at org.junit.jupiter.engine.execution.TestInstancesProvider.getTestInstances(TestInstancesProvider.java:31)
	at org.junit.jupiter.engine.descriptor.TestMethodTestDescriptor.lambda$prepare$0(TestMethodTestDescriptor.java:101)
	at org.junit.platform.engine.support.hierarchical.ThrowableCollector.execute(ThrowableCollector.java:73)
	at org.junit.jupiter.engine.descriptor.TestMethodTestDescriptor.prepare(TestMethodTestDescriptor.java:100)
	at org.junit.jupiter.engine.descriptor.TestMethodTestDescriptor.prepare(TestMethodTestDescriptor.java:65)
	at org.junit.platform.engine.support.hierarchical.NodeTestTask.lambda$prepare$1(NodeTestTask.java:111)
	at org.junit.platform.engine.support.hierarchical.ThrowableCollector.execute(ThrowableCollector.java:73)
	at org.junit.platform.engine.support.hierarchical.NodeTestTask.prepare(NodeTestTask.java:111)
	at org.junit.platform.engine.support.hierarchical.NodeTestTask.execute(NodeTestTask.java:79)
	at java.util.ArrayList.forEach(ArrayList.java:1249)
	at org.junit.platform.engine.support.hierarchical.SameThreadHierarchicalTestExecutorService.invokeAll(SameThreadHierarchicalTestExecutorService.java:38)
	at org.junit.platform.engine.support.hierarchical.NodeTestTask.lambda$executeRecursively$5(NodeTestTask.java:143)
	at org.junit.platform.engine.support.hierarchical.ThrowableCollector.execute(ThrowableCollector.java:73)
	at org.junit.platform.engine.support.hierarchical.NodeTestTask.lambda$executeRecursively$7(NodeTestTask.java:129)
	at org.junit.platform.engine.support.hierarchical.Node.around(Node.java:137)
	at org.junit.platform.engine.support.hierarchical.NodeTestTask.lambda$executeRecursively$8(NodeTestTask.java:127)
	at org.junit.platform.engine.support.hierarchical.ThrowableCollector.execute(ThrowableCollector.java:73)
	at org.junit.platform.engine.support.hierarchical.NodeTestTask.executeRecursively(NodeTestTask.java:126)
	at org.junit.platform.engine.support.hierarchical.NodeTestTask.execute(NodeTestTask.java:84)
	at java.util.ArrayList.forEach(ArrayList.java:1249)
	at org.junit.platform.engine.support.hierarchical.SameThreadHierarchicalTestExecutorService.invokeAll(SameThreadHierarchicalTestExecutorService.java:38)
	at org.junit.platform.engine.support.hierarchical.NodeTestTask.lambda$executeRecursively$5(NodeTestTask.java:143)
	at org.junit.platform.engine.support.hierarchical.ThrowableCollector.execute(ThrowableCollector.java:73)
	at org.junit.platform.engine.support.hierarchical.NodeTestTask.lambda$executeRecursively$7(NodeTestTask.java:129)
	at org.junit.platform.engine.support.hierarchical.Node.around(Node.java:137)
	at org.junit.platform.engine.support.hierarchical.NodeTestTask.lambda$executeRecursively$8(NodeTestTask.java:127)
	at org.junit.platform.engine.support.hierarchical.ThrowableCollector.execute(ThrowableCollector.java:73)
	at org.junit.platform.engine.support.hierarchical.NodeTestTask.executeRecursively(NodeTestTask.java:126)
	at org.junit.platform.engine.support.hierarchical.NodeTestTask.execute(NodeTestTask.java:84)
	at org.junit.platform.engine.support.hierarchical.SameThreadHierarchicalTestExecutorService.submit(SameThreadHierarchicalTestExecutorService.java:32)
	at org.junit.platform.engine.support.hierarchical.HierarchicalTestExecutor.execute(HierarchicalTestExecutor.java:57)
	at org.junit.platform.engine.support.hierarchical.HierarchicalTestEngine.execute(HierarchicalTestEngine.java:51)
	at org.junit.platform.launcher.core.DefaultLauncher.execute(DefaultLauncher.java:220)
	at org.junit.platform.launcher.core.DefaultLauncher.lambda$execute$6(DefaultLauncher.java:188)
	at org.junit.platform.launcher.core.DefaultLauncher.withInterceptedStreams(DefaultLauncher.java:202)
	at org.junit.platform.launcher.core.DefaultLauncher.execute(DefaultLauncher.java:181)
	at org.junit.platform.launcher.core.DefaultLauncher.execute(DefaultLauncher.java:128)
	at org.apache.maven.surefire.junitplatform.JUnitPlatformProvider.invokeAllTests(JUnitPlatformProvider.java:150)
	at org.apache.maven.surefire.junitplatform.JUnitPlatformProvider.invoke(JUnitPlatformProvider.java:124)
	at org.apache.maven.surefire.booter.ForkedBooter.invokeProviderInSameClassLoader(ForkedBooter.java:384)
	at org.apache.maven.surefire.booter.ForkedBooter.runSuitesInProcess(ForkedBooter.java:345)
	at org.apache.maven.surefire.booter.ForkedBooter.execute(ForkedBooter.java:126)
	at org.apache.maven.surefire.booter.ForkedBooter.main(ForkedBooter.java:418)
Caused by: java.lang.IllegalStateException: zookeeper not connected
	at org.apache.dubbo.remoting.zookeeper.curator.CuratorZookeeperClient.<init>(CuratorZookeeperClient.java:83)
	at org.apache.dubbo.remoting.zookeeper.curator.CuratorZookeeperTransporter.createZookeeperClient(CuratorZookeeperTransporter.java:26)
	at org.apache.dubbo.remoting.zookeeper.support.AbstractZookeeperTransporter.connect(AbstractZookeeperTransporter.java:70)
	at org.apache.dubbo.remoting.zookeeper.ZookeeperTransporter$Adaptive.connect(ZookeeperTransporter$Adaptive.java)
	at org.apache.dubbo.configcenter.support.zookeeper.ZookeeperDynamicConfiguration.<init>(ZookeeperDynamicConfiguration.java:56)
	at org.apache.dubbo.configcenter.support.zookeeper.ZookeeperDynamicConfigurationFactory.createDynamicConfiguration(ZookeeperDynamicConfigurationFactory.java:37)
	at org.apache.dubbo.common.config.configcenter.AbstractDynamicConfigurationFactory.lambda$getDynamicConfiguration$0(AbstractDynamicConfigurationFactory.java:39)
	at java.util.concurrent.ConcurrentHashMap.computeIfAbsent(ConcurrentHashMap.java:1660)
	at org.apache.dubbo.common.config.configcenter.AbstractDynamicConfigurationFactory.getDynamicConfiguration(AbstractDynamicConfigurationFactory.java:39)
	at org.apache.dubbo.common.config.configcenter.DynamicConfiguration.getDynamicConfiguration(DynamicConfiguration.java:224)
	at org.apache.dubbo.config.bootstrap.DubboBootstrap.prepareEnvironment(DubboBootstrap.java:1034)
	at org.apache.dubbo.config.bootstrap.DubboBootstrap.startConfigCenter(DubboBootstrap.java:623)
	at org.apache.dubbo.config.bootstrap.DubboBootstrap.initialize(DubboBootstrap.java:521)
	at org.apache.dubbo.config.bootstrap.DubboBootstrap.start(DubboBootstrap.java:896)
	at org.apache.dubbo.config.spring.context.DubboBootstrapApplicationListener.onContextRefreshedEvent(DubboBootstrapApplicationListener.java:59)
	at org.apache.dubbo.config.spring.context.DubboBootstrapApplicationListener.onApplicationContextEvent(DubboBootstrapApplicationListener.java:52)
	at org.apache.dubbo.config.spring.context.OneTimeExecutionApplicationContextEventListener.onApplicationEvent(OneTimeExecutionApplicationContextEventListener.java:40)
	at org.springframework.context.event.SimpleApplicationEventMulticaster.doInvokeListener(SimpleApplicationEventMulticaster.java:176)
	at org.springframework.context.event.SimpleApplicationEventMulticaster.invokeListener(SimpleApplicationEventMulticaster.java:169)
	at org.springframework.context.event.SimpleApplicationEventMulticaster.multicastEvent(SimpleApplicationEventMulticaster.java:143)
	at org.springframework.context.support.AbstractApplicationContext.publishEvent(AbstractApplicationContext.java:421)
	at org.springframework.context.support.AbstractApplicationContext.publishEvent(AbstractApplicationContext.java:378)
	at org.springframework.context.support.AbstractApplicationContext.finishRefresh(AbstractApplicationContext.java:938)
	at org.springframework.context.support.AbstractApplicationContext.refresh(AbstractApplicationContext.java:586)
	at org.springframework.boot.SpringApplication.refresh(SpringApplication.java:782)
	at org.springframework.boot.SpringApplication.refresh(SpringApplication.java:774)
	at org.springframework.boot.SpringApplication.refreshContext(SpringApplication.java:439)
	at org.springframework.boot.SpringApplication.run(SpringApplication.java:339)
	at org.springframework.boot.test.context.SpringBootContextLoader.loadContext(SpringBootContextLoader.java:123)
	at org.springframework.test.context.cache.DefaultCacheAwareContextLoaderDelegate.loadContextInternal(DefaultCacheAwareContextLoaderDelegate.java:99)
	at org.springframework.test.context.cache.DefaultCacheAwareContextLoaderDelegate.loadContext(DefaultCacheAwareContextLoaderDelegate.java:124)
	... 68 common frames omitted
Caused by: java.lang.IllegalStateException: zookeeper not connected
	at org.apache.dubbo.remoting.zookeeper.curator.CuratorZookeeperClient.<init>(CuratorZookeeperClient.java:80)
	... 98 common frames omitted
]]></system-out>
    <system-err><![CDATA[log4j:WARN No appenders could be found for logger (org.apache.dubbo.common.logger.LoggerFactory).
log4j:WARN Please initialize the log4j system properly.
log4j:WARN See http://logging.apache.org/log4j/1.2/faq.html#noconfig for more info.
]]></system-err>
  </testcase>
</testsuite>